# JRE version: OpenJDK Runtime Environment (8.0_242-b01) (build 1.8.0_242-release-1644-b01)
# Java VM: OpenJDK 64-Bit Server VM (25.242-b01 mixed mode windows-amd64 compressed oops)
Heap:
 PSYoungGen      total 336896K, used 84168K [0x00000000d5580000, 0x00000000f0500000, 0x0000000100000000)
  eden space 305152K, 27% used [0x00000000d5580000,0x00000000da7b2030,0x00000000e7f80000)
  from space 31744K, 0% used [0x00000000e7f80000,0x00000000e7f80000,0x00000000e9e80000)
  to   space 30720K, 0% used [0x00000000ee700000,0x00000000ee700000,0x00000000f0500000)
 ParOldGen       total 150016K, used 59876K [0x0000000080000000, 0x0000000089280000, 0x00000000d5580000)
  object space 150016K, 39% used [0x0000000080000000,0x0000000083a79120,0x0000000089280000)
 Metaspace       used 91851K, capacity 96158K, committed 99368K, reserved 1134592K
  class space    used 12115K, capacity 12933K, committed 13744K, reserved 1048576K
GC Heap History (10 events):
Event: 14.867 GC heap before
{Heap before GC invocations=15 (full 3):
 PSYoungGen      total 205824K, used 191995K [0x00000000d5580000, 0x00000000e6d00000, 0x0000000100000000)
  eden space 192000K, 99% used [0x00000000d5580000,0x00000000e10feec0,0x00000000e1100000)
  from space 13824K, 0% used [0x00000000e1100000,0x00000000e1100000,0x00000000e1e80000)
  to   space 20480K, 0% used [0x00000000e5900000,0x00000000e5900000,0x00000000e6d00000)
 ParOldGen       total 103936K, used 38725K [0x0000000080000000, 0x0000000086580000, 0x00000000d5580000)
  object space 103936K, 37% used [0x0000000080000000,0x00000000825d17b0,0x0000000086580000)
 Metaspace       used 64867K, capacity 68116K, committed 68248K, reserved 1107968K
  class space    used 8950K, capacity 9571K, committed 9648K, reserved 1048576K
Event: 14.896 GC heap after
Heap after GC invocations=15 (full 3):
 PSYoungGen      total 260608K, used 20454K [0x00000000d5580000, 0x00000000e8280000, 0x0000000100000000)
  eden space 240128K, 0% used [0x00000000d5580000,0x00000000d5580000,0x00000000e4000000)
  from space 20480K, 99% used [0x00000000e5900000,0x00000000e6cf99e0,0x00000000e6d00000)
  to   space 25600K, 0% used [0x00000000e4000000,0x00000000e4000000,0x00000000e5900000)
 ParOldGen       total 103936K, used 44758K [0x0000000080000000, 0x0000000086580000, 0x00000000d5580000)
  object space 103936K, 43% used [0x0000000080000000,0x0000000082bb5bc8,0x0000000086580000)
 Metaspace       used 64867K, capacity 68116K, committed 68248K, reserved 1107968K
  class space    used 8950K, capacity 9571K, committed 9648K, reserved 1048576K
}
Event: 20.005 GC heap before
{Heap before GC invocations=16 (full 3):
 PSYoungGen      total 260608K, used 260582K [0x00000000d5580000, 0x00000000e8280000, 0x0000000100000000)
  eden space 240128K, 100% used [0x00000000d5580000,0x00000000e4000000,0x00000000e4000000)
  from space 20480K, 99% used [0x00000000e5900000,0x00000000e6cf99e0,0x00000000e6d00000)
  to   space 25600K, 0% used [0x00000000e4000000,0x00000000e4000000,0x00000000e5900000)
 ParOldGen       total 103936K, used 44758K [0x0000000080000000, 0x0000000086580000, 0x00000000d5580000)
  object space 103936K, 43% used [0x0000000080000000,0x0000000082bb5bc8,0x0000000086580000)
 Metaspace       used 69917K, capacity 73434K, committed 73752K, reserved 1112064K
  class space    used 9542K, capacity 10208K, committed 10288K, reserved 1048576K
Event: 20.031 GC heap after
Heap after GC invocations=16 (full 3):
 PSYoungGen      total 265728K, used 19526K [0x00000000d5580000, 0x00000000ebd00000, 0x0000000100000000)
  eden space 240128K, 0% used [0x00000000d5580000,0x00000000d5580000,0x00000000e4000000)
  from space 25600K, 76% used [0x00000000e4000000,0x00000000e5311b48,0x00000000e5900000)
  to   space 27648K, 0% used [0x00000000ea200000,0x00000000ea200000,0x00000000ebd00000)
 ParOldGen       total 103936K, used 60638K [0x0000000080000000, 0x0000000086580000, 0x00000000d5580000)
  object space 103936K, 58% used [0x0000000080000000,0x0000000083b37ba0,0x0000000086580000)
 Metaspace       used 69917K, capacity 73434K, committed 73752K, reserved 1112064K
  class space    used 9542K, capacity 10208K, committed 10288K, reserved 1048576K
}
Event: 25.293 GC heap before
{Heap before GC invocations=17 (full 3):
 PSYoungGen      total 265728K, used 259654K [0x00000000d5580000, 0x00000000ebd00000, 0x0000000100000000)
  eden space 240128K, 100% used [0x00000000d5580000,0x00000000e4000000,0x00000000e4000000)
  from space 25600K, 76% used [0x00000000e4000000,0x00000000e5311b48,0x00000000e5900000)
  to   space 27648K, 0% used [0x00000000ea200000,0x00000000ea200000,0x00000000ebd00000)
 ParOldGen       total 103936K, used 60638K [0x0000000080000000, 0x0000000086580000, 0x00000000d5580000)
  object space 103936K, 58% used [0x0000000080000000,0x0000000083b37ba0,0x0000000086580000)
 Metaspace       used 82226K, capacity 86950K, committed 87192K, reserved 1124352K
  class space    used 11196K, capacity 12129K, committed 12208K, reserved 1048576K
Event: 25.339 GC heap after
Heap after GC invocations=17 (full 3):
 PSYoungGen      total 332800K, used 27373K [0x00000000d5580000, 0x00000000ebd80000, 0x0000000100000000)
  eden space 305152K, 0% used [0x00000000d5580000,0x00000000d5580000,0x00000000e7f80000)
  from space 27648K, 99% used [0x00000000ea200000,0x00000000ebcbb6e8,0x00000000ebd00000)
  to   space 31744K, 0% used [0x00000000e7f80000,0x00000000e7f80000,0x00000000e9e80000)
 ParOldGen       total 103936K, used 70005K [0x0000000080000000, 0x0000000086580000, 0x00000000d5580000)
  object space 103936K, 67% used [0x0000000080000000,0x000000008445d688,0x0000000086580000)
 Metaspace       used 82226K, capacity 86950K, committed 87192K, reserved 1124352K
  class space    used 11196K, capacity 12129K, committed 12208K, reserved 1048576K
}
Event: 28.062 GC heap before
{Heap before GC invocations=18 (full 3):
 PSYoungGen      total 332800K, used 202108K [0x00000000d5580000, 0x00000000ebd80000, 0x0000000100000000)
  eden space 305152K, 57% used [0x00000000d5580000,0x00000000e0023b68,0x00000000e7f80000)
  from space 27648K, 99% used [0x00000000ea200000,0x00000000ebcbb6e8,0x00000000ebd00000)
  to   space 31744K, 0% used [0x00000000e7f80000,0x00000000e7f80000,0x00000000e9e80000)
 ParOldGen       total 103936K, used 70005K [0x0000000080000000, 0x0000000086580000, 0x00000000d5580000)
  object space 103936K, 67% used [0x0000000080000000,0x000000008445d688,0x0000000086580000)
 Metaspace       used 92280K, capacity 98506K, committed 98600K, reserved 1134592K
  class space    used 12533K, capacity 13703K, committed 13744K, reserved 1048576K
Event: 28.091 GC heap after
Heap after GC invocations=18 (full 3):
 PSYoungGen      total 336896K, used 15703K [0x00000000d5580000, 0x00000000f0500000, 0x0000000100000000)
  eden space 305152K, 0% used [0x00000000d5580000,0x00000000d5580000,0x00000000e7f80000)
  from space 31744K, 49% used [0x00000000e7f80000,0x00000000e8ed5ea8,0x00000000e9e80000)
  to   space 30720K, 0% used [0x00000000ee700000,0x00000000ee700000,0x00000000f0500000)
 ParOldGen       total 103936K, used 70013K [0x0000000080000000, 0x0000000086580000, 0x00000000d5580000)
  object space 103936K, 67% used [0x0000000080000000,0x000000008445f688,0x0000000086580000)
 Metaspace       used 92280K, capacity 98506K, committed 98600K, reserved 1134592K
  class space    used 12533K, capacity 13703K, committed 13744K, reserved 1048576K
}
Event: 28.091 GC heap before
{Heap before GC invocations=19 (full 4):
 PSYoungGen      total 336896K, used 15703K [0x00000000d5580000, 0x00000000f0500000, 0x0000000100000000)
  eden space 305152K, 0% used [0x00000000d5580000,0x00000000d5580000,0x00000000e7f80000)
  from space 31744K, 49% used [0x00000000e7f80000,0x00000000e8ed5ea8,0x00000000e9e80000)
  to   space 30720K, 0% used [0x00000000ee700000,0x00000000ee700000,0x00000000f0500000)
 ParOldGen       total 103936K, used 70013K [0x0000000080000000, 0x0000000086580000, 0x00000000d5580000)
  object space 103936K, 67% used [0x0000000080000000,0x000000008445f688,0x0000000086580000)
 Metaspace       used 92280K, capacity 98506K, committed 98600K, reserved 1134592K
  class space    used 12533K, capacity 13703K, committed 13744K, reserved 1048576K
Event: 28.275 GC heap after
Heap after GC invocations=19 (full 4):
 PSYoungGen      total 336896K, used 0K [0x00000000d5580000, 0x00000000f0500000, 0x0000000100000000)
  eden space 305152K, 0% used [0x00000000d5580000,0x00000000d5580000,0x00000000e7f80000)
  from space 31744K, 0% used [0x00000000e7f80000,0x00000000e7f80000,0x00000000e9e80000)
  to   space 30720K, 0% used [0x00000000ee700000,0x00000000ee700000,0x00000000f0500000)
 ParOldGen       total 150016K, used 59876K [0x0000000080000000, 0x0000000089280000, 0x00000000d5580000)
  object space 150016K, 39% used [0x0000000080000000,0x0000000083a79120,0x0000000089280000)
 Metaspace       used 90964K, capacity 95206K, committed 98600K, reserved 1134592K
  class space    used 12070K, capacity 12879K, committed 13744K, reserved 1048576K
}

