# JRE version: OpenJDK Runtime Environment (8.0_242-b01) (build 1.8.0_242-release-1644-b01)
# Java VM: OpenJDK 64-Bit Server VM (25.242-b01 mixed mode windows-amd64 compressed oops)
Heap:
 PSYoungGen      total 607744K, used 414526K [0x00000000d5580000, 0x0000000100000000, 0x0000000100000000)
  eden space 516608K, 72% used [0x00000000d5580000,0x00000000ec449188,0x00000000f4e00000)
  from space 91136K, 42% used [0x00000000f4e00000,0x00000000f74066d8,0x00000000fa700000)
  to   space 86528K, 0% used [0x00000000fab80000,0x00000000fab80000,0x0000000100000000)
 ParOldGen       total 206848K, used 132540K [0x0000000080000000, 0x000000008ca00000, 0x00000000d5580000)
  object space 206848K, 64% used [0x0000000080000000,0x000000008816f0d0,0x000000008ca00000)
 Metaspace       used 123254K, capacity 133370K, committed 133656K, reserved 1165312K
  class space    used 15791K, capacity 17734K, committed 17968K, reserved 1048576K
GC Heap History (10 events):
Event: 3983.232 GC heap before
{Heap before GC invocations=28 (full 5):
 PSYoungGen      total 586240K, used 540985K [0x00000000d5580000, 0x00000000fd380000, 0x0000000100000000)
  eden space 524288K, 100% used [0x00000000d5580000,0x00000000f5580000,0x00000000f5580000)
  from space 61952K, 26% used [0x00000000f9700000,0x00000000fa74e6c8,0x00000000fd380000)
  to   space 64512K, 0% used [0x00000000f5580000,0x00000000f5580000,0x00000000f9480000)
 ParOldGen       total 206848K, used 77638K [0x0000000080000000, 0x000000008ca00000, 0x00000000d5580000)
  object space 206848K, 37% used [0x0000000080000000,0x0000000084bd1838,0x000000008ca00000)
 Metaspace       used 121343K, capacity 131196K, committed 131480K, reserved 1163264K
  class space    used 15733K, capacity 17627K, committed 17840K, reserved 1048576K
Event: 3983.263 GC heap after
Heap after GC invocations=28 (full 5):
 PSYoungGen      total 588800K, used 32005K [0x00000000d5580000, 0x00000000fff80000, 0x0000000100000000)
  eden space 524288K, 0% used [0x00000000d5580000,0x00000000d5580000,0x00000000f5580000)
  from space 64512K, 49% used [0x00000000f5580000,0x00000000f74c16a8,0x00000000f9480000)
  to   space 62976K, 0% used [0x00000000fc200000,0x00000000fc200000,0x00000000fff80000)
 ParOldGen       total 206848K, used 77646K [0x0000000080000000, 0x000000008ca00000, 0x00000000d5580000)
  object space 206848K, 37% used [0x0000000080000000,0x0000000084bd3838,0x000000008ca00000)
 Metaspace       used 121343K, capacity 131196K, committed 131480K, reserved 1163264K
  class space    used 15733K, capacity 17627K, committed 17840K, reserved 1048576K
}
Event: 3984.747 GC heap before
{Heap before GC invocations=29 (full 5):
 PSYoungGen      total 588800K, used 556293K [0x00000000d5580000, 0x00000000fff80000, 0x0000000100000000)
  eden space 524288K, 100% used [0x00000000d5580000,0x00000000f5580000,0x00000000f5580000)
  from space 64512K, 49% used [0x00000000f5580000,0x00000000f74c16a8,0x00000000f9480000)
  to   space 62976K, 0% used [0x00000000fc200000,0x00000000fc200000,0x00000000fff80000)
 ParOldGen       total 206848K, used 77646K [0x0000000080000000, 0x000000008ca00000, 0x00000000d5580000)
  object space 206848K, 37% used [0x0000000080000000,0x0000000084bd3838,0x000000008ca00000)
 Metaspace       used 122332K, capacity 132220K, committed 132504K, reserved 1163264K
  class space    used 15754K, capacity 17671K, committed 17840K, reserved 1048576K
Event: 3984.768 GC heap after
Heap after GC invocations=29 (full 5):
 PSYoungGen      total 628224K, used 20376K [0x00000000d5580000, 0x00000000ff980000, 0x0000000100000000)
  eden space 571392K, 0% used [0x00000000d5580000,0x00000000d5580000,0x00000000f8380000)
  from space 56832K, 35% used [0x00000000fc200000,0x00000000fd5e6370,0x00000000ff980000)
  to   space 60416K, 0% used [0x00000000f8380000,0x00000000f8380000,0x00000000fbe80000)
 ParOldGen       total 206848K, used 77654K [0x0000000080000000, 0x000000008ca00000, 0x00000000d5580000)
  object space 206848K, 37% used [0x0000000080000000,0x0000000084bd5838,0x000000008ca00000)
 Metaspace       used 122332K, capacity 132220K, committed 132504K, reserved 1163264K
  class space    used 15754K, capacity 17671K, committed 17840K, reserved 1048576K
}
Event: 3987.707 GC heap before
{Heap before GC invocations=30 (full 5):
 PSYoungGen      total 628224K, used 581861K [0x00000000d5580000, 0x00000000ff980000, 0x0000000100000000)
  eden space 571392K, 98% used [0x00000000d5580000,0x00000000f79d3408,0x00000000f8380000)
  from space 56832K, 35% used [0x00000000fc200000,0x00000000fd5e6370,0x00000000ff980000)
  to   space 60416K, 0% used [0x00000000f8380000,0x00000000f8380000,0x00000000fbe80000)
 ParOldGen       total 206848K, used 77654K [0x0000000080000000, 0x000000008ca00000, 0x00000000d5580000)
  object space 206848K, 37% used [0x0000000080000000,0x0000000084bd5838,0x000000008ca00000)
 Metaspace       used 122786K, capacity 132776K, committed 133016K, reserved 1165312K
  class space    used 15756K, capacity 17673K, committed 17840K, reserved 1048576K
Event: 3987.796 GC heap after
Heap after GC invocations=30 (full 5):
 PSYoungGen      total 631808K, used 60401K [0x00000000d5580000, 0x0000000100000000, 0x0000000100000000)
  eden space 571392K, 0% used [0x00000000d5580000,0x00000000d5580000,0x00000000f8380000)
  from space 60416K, 99% used [0x00000000f8380000,0x00000000fbe7c418,0x00000000fbe80000)
  to   space 67072K, 0% used [0x00000000fbe80000,0x00000000fbe80000,0x0000000100000000)
 ParOldGen       total 206848K, used 129504K [0x0000000080000000, 0x000000008ca00000, 0x00000000d5580000)
  object space 206848K, 62% used [0x0000000080000000,0x0000000087e782e0,0x000000008ca00000)
 Metaspace       used 122786K, capacity 132776K, committed 133016K, reserved 1165312K
  class space    used 15756K, capacity 17673K, committed 17840K, reserved 1048576K
}
Event: 5778.471 GC heap before
{Heap before GC invocations=31 (full 5):
 PSYoungGen      total 631808K, used 631793K [0x00000000d5580000, 0x0000000100000000, 0x0000000100000000)
  eden space 571392K, 100% used [0x00000000d5580000,0x00000000f8380000,0x00000000f8380000)
  from space 60416K, 99% used [0x00000000f8380000,0x00000000fbe7c418,0x00000000fbe80000)
  to   space 67072K, 0% used [0x00000000fbe80000,0x00000000fbe80000,0x0000000100000000)
 ParOldGen       total 206848K, used 129504K [0x0000000080000000, 0x000000008ca00000, 0x00000000d5580000)
  object space 206848K, 62% used [0x0000000080000000,0x0000000087e782e0,0x000000008ca00000)
 Metaspace       used 123160K, capacity 133220K, committed 133656K, reserved 1165312K
  class space    used 15784K, capacity 17723K, committed 17968K, reserved 1048576K
Event: 5778.589 GC heap after
Heap after GC invocations=31 (full 5):
 PSYoungGen      total 583680K, used 53549K [0x00000000d5580000, 0x0000000100000000, 0x0000000100000000)
  eden space 516608K, 0% used [0x00000000d5580000,0x00000000d5580000,0x00000000f4e00000)
  from space 67072K, 79% used [0x00000000fbe80000,0x00000000ff2cb5e0,0x0000000100000000)
  to   space 91136K, 0% used [0x00000000f4e00000,0x00000000f4e00000,0x00000000fa700000)
 ParOldGen       total 206848K, used 132532K [0x0000000080000000, 0x000000008ca00000, 0x00000000d5580000)
  object space 206848K, 64% used [0x0000000080000000,0x000000008816d0d0,0x000000008ca00000)
 Metaspace       used 123160K, capacity 133220K, committed 133656K, reserved 1165312K
  class space    used 15784K, capacity 17723K, committed 17968K, reserved 1048576K
}
Event: 5780.864 GC heap before
{Heap before GC invocations=32 (full 5):
 PSYoungGen      total 583680K, used 570157K [0x00000000d5580000, 0x0000000100000000, 0x0000000100000000)
  eden space 516608K, 100% used [0x00000000d5580000,0x00000000f4e00000,0x00000000f4e00000)
  from space 67072K, 79% used [0x00000000fbe80000,0x00000000ff2cb5e0,0x0000000100000000)
  to   space 91136K, 0% used [0x00000000f4e00000,0x00000000f4e00000,0x00000000fa700000)
 ParOldGen       total 206848K, used 132532K [0x0000000080000000, 0x000000008ca00000, 0x00000000d5580000)
  object space 206848K, 64% used [0x0000000080000000,0x000000008816d0d0,0x000000008ca00000)
 Metaspace       used 123223K, capacity 133360K, committed 133656K, reserved 1165312K
  class space    used 15789K, capacity 17733K, committed 17968K, reserved 1048576K
Event: 5780.938 GC heap after
Heap after GC invocations=32 (full 5):
 PSYoungGen      total 607744K, used 38937K [0x00000000d5580000, 0x0000000100000000, 0x0000000100000000)
  eden space 516608K, 0% used [0x00000000d5580000,0x00000000d5580000,0x00000000f4e00000)
  from space 91136K, 42% used [0x00000000f4e00000,0x00000000f74066d8,0x00000000fa700000)
  to   space 86528K, 0% used [0x00000000fab80000,0x00000000fab80000,0x0000000100000000)
 ParOldGen       total 206848K, used 132540K [0x0000000080000000, 0x000000008ca00000, 0x00000000d5580000)
  object space 206848K, 64% used [0x0000000080000000,0x000000008816f0d0,0x000000008ca00000)
 Metaspace       used 123223K, capacity 133360K, committed 133656K, reserved 1165312K
  class space    used 15789K, capacity 17733K, committed 17968K, reserved 1048576K
}

